<?xml version="1.0" encoding="UTF-8"?>
<!-- Generated by org.testng.reporters.JUnitXMLReporter -->
<testsuite hostname="LAPTOP-KRP43V8I" ignored="1" name="Default test" tests="4" failures="0" timestamp="10 Nov 2021 04:15:32 GMT" time="5.453" errors="0">
  <testcase name="addContact" time="3.788" classname="day1.PositiveTest"/>
  <testcase name="getContact" time="0.551" classname="day1.PositiveTest"/>
  <testcase name="updateContact" time="0.585" classname="day1.PositiveTest"/>
  <testcase name="deleteContact" time="0.472" classname="day1.PositiveTest"/>
  <testcase name="getAllContactList" time="0.0" classname="day1.PositiveTest">
    <ignored/>
  </testcase> <!-- getAllContactList -->
</testsuite> <!-- Default test -->
