<?xml version="1.0" encoding="UTF-8"?>
<testng-results skipped="0" failed="0" ignored="1" total="5" passed="4">
  <reporter-output>
  </reporter-output>
  <suite name="Default suite" duration-ms="5453" started-at="2021-11-10T04:15:27Z" finished-at="2021-11-10T04:15:32Z">
    <groups>
    </groups>
    <test name="Default test" duration-ms="5453" started-at="2021-11-10T04:15:27Z" finished-at="2021-11-10T04:15:32Z">
      <class name="day1.PositiveTest">
        <test-method status="PASS" signature="addContact()[pri:0, instance:day1.PositiveTest@275710fc]" name="addContact" duration-ms="3788" started-at="2021-11-10T04:15:27Z" description="Adding contacts" finished-at="2021-11-10T04:15:31Z">
          <reporter-output>
          </reporter-output>
        </test-method> <!-- addContact -->
        <test-method status="PASS" signature="getContact()[pri:0, instance:day1.PositiveTest@275710fc]" name="getContact" duration-ms="551" started-at="2021-11-10T04:15:31Z" description="getting contact details using given ID" depends-on-methods="day1.PositiveTest.addContact" finished-at="2021-11-10T04:15:31Z">
          <reporter-output>
          </reporter-output>
        </test-method> <!-- getContact -->
        <test-method status="PASS" signature="updateContact()[pri:0, instance:day1.PositiveTest@275710fc]" name="updateContact" duration-ms="585" started-at="2021-11-10T04:15:31Z" description="updating  contacts" depends-on-methods="day1.PositiveTest.getContact" finished-at="2021-11-10T04:15:32Z">
          <reporter-output>
          </reporter-output>
        </test-method> <!-- updateContact -->
        <test-method status="PASS" signature="deleteContact()[pri:0, instance:day1.PositiveTest@275710fc]" name="deleteContact" duration-ms="472" started-at="2021-11-10T04:15:32Z" description="getting contact details using given ID" depends-on-methods="day1.PositiveTest.updateContact" finished-at="2021-11-10T04:15:32Z">
          <reporter-output>
          </reporter-output>
        </test-method> <!-- deleteContact -->
      </class> <!-- day1.PositiveTest -->
    </test> <!-- Default test -->
  </suite> <!-- Default suite -->
</testng-results>
